\BOOKMARK [1][-]{section.1}{\376\377\000I\000n\000t\000r\000o\000d\000u\000c\000c\000i\000\363\000n}{}% 1
\BOOKMARK [1][-]{section.2}{\376\377\000D\000e\000s\000c\000r\000i\000p\000c\000i\000\363\000n\000\040\000d\000e\000\040\000l\000a\000\040\000I\000n\000t\000e\000r\000f\000a\000z}{}% 2
\BOOKMARK [2][-]{subsection.2.1}{\376\377\000C\000o\000m\000p\000o\000n\000e\000n\000t\000e\000s\000\040\000P\000r\000i\000n\000c\000i\000p\000a\000l\000e\000s}{section.2}% 3
\BOOKMARK [2][-]{subsection.2.2}{\376\377\000S\000e\000c\000c\000i\000o\000n\000e\000s\000\040\000d\000e\000\040\000C\000o\000n\000t\000r\000o\000l}{section.2}% 4
\BOOKMARK [3][-]{subsubsection.2.2.1}{\376\377\000D\000i\000b\000u\000j\000o\000\040\000d\000e\000\040\000L\000\355\000n\000e\000a\000s}{subsection.2.2}% 5
\BOOKMARK [3][-]{subsubsection.2.2.2}{\376\377\000D\000i\000b\000u\000j\000o\000\040\000d\000e\000\040\000C\000\355\000r\000c\000u\000l\000o\000s}{subsection.2.2}% 6
\BOOKMARK [3][-]{subsubsection.2.2.3}{\376\377\000D\000i\000b\000u\000j\000o\000\040\000d\000e\000\040\000R\000o\000m\000b\000o}{subsection.2.2}% 7
\BOOKMARK [2][-]{subsection.2.3}{\376\377\000C\000o\000n\000t\000r\000o\000l\000e\000s\000\040\000G\000e\000n\000e\000r\000a\000l\000e\000s}{section.2}% 8
\BOOKMARK [2][-]{subsection.2.4}{\376\377\000H\000e\000r\000r\000a\000m\000i\000e\000n\000t\000a\000\040\000d\000e\000\040\000R\000e\000l\000l\000e\000n\000o}{section.2}% 9
\BOOKMARK [2][-]{subsection.2.5}{\376\377\000E\000s\000t\000a\000d\000o\000s\000\040\000d\000e\000\040\000l\000a\000\040\000I\000n\000t\000e\000r\000f\000a\000z}{section.2}% 10
\BOOKMARK [3][-]{subsubsection.2.5.1}{\376\377\000E\000s\000t\000a\000d\000o\000\040\000N\000o\000r\000m\000a\000l}{subsection.2.5}% 11
\BOOKMARK [3][-]{subsubsection.2.5.2}{\376\377\000E\000s\000t\000a\000d\000o\000\040\000d\000e\000\040\000A\000n\000i\000m\000a\000c\000i\000\363\000n}{subsection.2.5}% 12
\BOOKMARK [1][-]{section.3}{\376\377\000A\000l\000g\000o\000r\000i\000t\000m\000o\000s\000\040\000I\000m\000p\000l\000e\000m\000e\000n\000t\000a\000d\000o\000s}{}% 13
\BOOKMARK [2][-]{subsection.3.1}{\376\377\000A\000l\000g\000o\000r\000i\000t\000m\000o\000\040\000D\000D\000A\000\040\000\050\000D\000i\000g\000i\000t\000a\000l\000\040\000D\000i\000f\000f\000e\000r\000e\000n\000t\000i\000a\000l\000\040\000A\000n\000a\000l\000y\000z\000e\000r\000\051}{section.3}% 14
\BOOKMARK [2][-]{subsection.3.2}{\376\377\000A\000n\000\341\000l\000i\000s\000i\000s\000\040\000d\000e\000l\000\040\000A\000l\000g\000o\000r\000i\000t\000m\000o\000\040\000D\000D\000A}{section.3}% 15
\BOOKMARK [3][-]{subsubsection.3.2.1}{\376\377\000I\000m\000p\000l\000e\000m\000e\000n\000t\000a\000c\000i\000\363\000n\000\040\000B\000a\000s\000e}{subsection.3.2}% 16
\BOOKMARK [3][-]{subsubsection.3.2.2}{\376\377\000C\000o\000m\000p\000o\000n\000e\000n\000t\000e\000s\000\040\000P\000r\000i\000n\000c\000i\000p\000a\000l\000e\000s}{subsection.3.2}% 17
\BOOKMARK [3][-]{subsubsection.3.2.3}{\376\377\000P\000r\000o\000c\000e\000s\000o\000\040\000I\000t\000e\000r\000a\000t\000i\000v\000o}{subsection.3.2}% 18
\BOOKMARK [3][-]{subsubsection.3.2.4}{\376\377\000C\000a\000r\000a\000c\000t\000e\000r\000\355\000s\000t\000i\000c\000a\000s\000\040\000T\000\351\000c\000n\000i\000c\000a\000s}{subsection.3.2}% 19
\BOOKMARK [3][-]{subsubsection.3.2.5}{\376\377\000A\000s\000p\000e\000c\000t\000o\000s\000\040\000d\000e\000\040\000I\000m\000p\000l\000e\000m\000e\000n\000t\000a\000c\000i\000\363\000n}{subsection.3.2}% 20
\BOOKMARK [2][-]{subsection.3.3}{\376\377\000A\000l\000g\000o\000r\000i\000t\000m\000o\000\040\000d\000e\000\040\000B\000r\000e\000s\000e\000n\000h\000a\000m\000\040\000p\000a\000r\000a\000\040\000L\000\355\000n\000e\000a\000s}{section.3}% 21
\BOOKMARK [2][-]{subsection.3.4}{\376\377\000A\000n\000\341\000l\000i\000s\000i\000s\000\040\000d\000e\000l\000\040\000A\000l\000g\000o\000r\000i\000t\000m\000o\000\040\000d\000e\000\040\000B\000r\000e\000s\000e\000n\000h\000a\000m}{section.3}% 22
\BOOKMARK [3][-]{subsubsection.3.4.1}{\376\377\000I\000m\000p\000l\000e\000m\000e\000n\000t\000a\000c\000i\000\363\000n\000\040\000B\000a\000s\000e}{subsection.3.4}% 23
\BOOKMARK [3][-]{subsubsection.3.4.2}{\376\377\000C\000o\000m\000p\000o\000n\000e\000n\000t\000e\000s\000\040\000P\000r\000i\000n\000c\000i\000p\000a\000l\000e\000s}{subsection.3.4}% 24
\BOOKMARK [3][-]{subsubsection.3.4.3}{\376\377\000P\000r\000o\000c\000e\000s\000o\000\040\000I\000t\000e\000r\000a\000t\000i\000v\000o}{subsection.3.4}% 25
\BOOKMARK [3][-]{subsubsection.3.4.4}{\376\377\000C\000a\000r\000a\000c\000t\000e\000r\000\355\000s\000t\000i\000c\000a\000s\000\040\000T\000\351\000c\000n\000i\000c\000a\000s}{subsection.3.4}% 26
\BOOKMARK [3][-]{subsubsection.3.4.5}{\376\377\000O\000p\000t\000i\000m\000i\000z\000a\000c\000i\000o\000n\000e\000s}{subsection.3.4}% 27
\BOOKMARK [2][-]{subsection.3.5}{\376\377\000A\000l\000g\000o\000r\000i\000t\000m\000o\000\040\000d\000e\000\040\000B\000r\000e\000s\000e\000n\000h\000a\000m\000\040\000p\000a\000r\000a\000\040\000C\000\355\000r\000c\000u\000l\000o\000s}{section.3}% 28
\BOOKMARK [2][-]{subsection.3.6}{\376\377\000A\000n\000\341\000l\000i\000s\000i\000s\000\040\000d\000e\000l\000\040\000A\000l\000g\000o\000r\000i\000t\000m\000o\000\040\000d\000e\000\040\000B\000r\000e\000s\000e\000n\000h\000a\000m\000\040\000p\000a\000r\000a\000\040\000C\000\355\000r\000c\000u\000l\000o\000s}{section.3}% 29
\BOOKMARK [3][-]{subsubsection.3.6.1}{\376\377\000I\000m\000p\000l\000e\000m\000e\000n\000t\000a\000c\000i\000\363\000n\000\040\000B\000a\000s\000e}{subsection.3.6}% 30
\BOOKMARK [3][-]{subsubsection.3.6.2}{\376\377\000C\000o\000m\000p\000o\000n\000e\000n\000t\000e\000s\000\040\000P\000r\000i\000n\000c\000i\000p\000a\000l\000e\000s}{subsection.3.6}% 31
\BOOKMARK [3][-]{subsubsection.3.6.3}{\376\377\000P\000r\000o\000c\000e\000s\000o\000\040\000I\000t\000e\000r\000a\000t\000i\000v\000o}{subsection.3.6}% 32
\BOOKMARK [3][-]{subsubsection.3.6.4}{\376\377\000C\000a\000r\000a\000c\000t\000e\000r\000\355\000s\000t\000i\000c\000a\000s\000\040\000T\000\351\000c\000n\000i\000c\000a\000s}{subsection.3.6}% 33
\BOOKMARK [3][-]{subsubsection.3.6.5}{\376\377\000O\000p\000t\000i\000m\000i\000z\000a\000c\000i\000o\000n\000e\000s}{subsection.3.6}% 34
\BOOKMARK [2][-]{subsection.3.7}{\376\377\000A\000l\000g\000o\000r\000i\000t\000m\000o\000\040\000d\000e\000\040\000R\000e\000l\000l\000e\000n\000o\000\040\000\050\000F\000l\000o\000o\000d\000F\000i\000l\000l\000\051}{section.3}% 35
\BOOKMARK [2][-]{subsection.3.8}{\376\377\000A\000n\000\341\000l\000i\000s\000i\000s\000\040\000d\000e\000l\000\040\000A\000l\000g\000o\000r\000i\000t\000m\000o\000\040\000F\000l\000o\000w\000F\000i\000l\000l}{section.3}% 36
\BOOKMARK [3][-]{subsubsection.3.8.1}{\376\377\000I\000m\000p\000l\000e\000m\000e\000n\000t\000a\000c\000i\000\363\000n\000\040\000B\000a\000s\000e}{subsection.3.8}% 37
\BOOKMARK [3][-]{subsubsection.3.8.2}{\376\377\000C\000o\000m\000p\000o\000n\000e\000n\000t\000e\000s\000\040\000P\000r\000i\000n\000c\000i\000p\000a\000l\000e\000s}{subsection.3.8}% 38
\BOOKMARK [3][-]{subsubsection.3.8.3}{\376\377\000P\000r\000o\000c\000e\000s\000o\000\040\000I\000t\000e\000r\000a\000t\000i\000v\000o}{subsection.3.8}% 39
\BOOKMARK [3][-]{subsubsection.3.8.4}{\376\377\000C\000a\000r\000a\000c\000t\000e\000r\000\355\000s\000t\000i\000c\000a\000s\000\040\000T\000\351\000c\000n\000i\000c\000a\000s}{subsection.3.8}% 40
\BOOKMARK [3][-]{subsubsection.3.8.5}{\376\377\000O\000p\000t\000i\000m\000i\000z\000a\000c\000i\000o\000n\000e\000s}{subsection.3.8}% 41
\BOOKMARK [3][-]{subsubsection.3.8.6}{\376\377\000C\000o\000n\000s\000i\000d\000e\000r\000a\000c\000i\000o\000n\000e\000s\000\040\000d\000e\000\040\000R\000e\000n\000d\000i\000m\000i\000e\000n\000t\000o}{subsection.3.8}% 42
\BOOKMARK [1][-]{section.4}{\376\377\000M\000a\000n\000u\000a\000l\000\040\000d\000e\000\040\000U\000s\000u\000a\000r\000i\000o}{}% 43
\BOOKMARK [2][-]{subsection.4.1}{\376\377\000I\000n\000t\000e\000r\000f\000a\000z\000\040\000P\000r\000i\000n\000c\000i\000p\000a\000l}{section.4}% 44
\BOOKMARK [2][-]{subsection.4.2}{\376\377\000D\000i\000b\000u\000j\000o\000\040\000d\000e\000\040\000L\000\355\000n\000e\000a\000s}{section.4}% 45
\BOOKMARK [3][-]{subsubsection.4.2.1}{\376\377\000E\000n\000t\000r\000a\000d\000a\000\040\000d\000e\000\040\000D\000a\000t\000o\000s}{subsection.4.2}% 46
\BOOKMARK [3][-]{subsubsection.4.2.2}{\376\377\000A\000l\000g\000o\000r\000i\000t\000m\000o\000s\000\040\000D\000i\000s\000p\000o\000n\000i\000b\000l\000e\000s}{subsection.4.2}% 47
\BOOKMARK [2][-]{subsection.4.3}{\376\377\000D\000i\000b\000u\000j\000o\000\040\000d\000e\000\040\000C\000\355\000r\000c\000u\000l\000o\000s}{section.4}% 48
\BOOKMARK [3][-]{subsubsection.4.3.1}{\376\377\000P\000a\000r\000\341\000m\000e\000t\000r\000o\000s\000\040\000R\000e\000q\000u\000e\000r\000i\000d\000o\000s}{subsection.4.3}% 49
\BOOKMARK [2][-]{subsection.4.4}{\376\377\000D\000i\000b\000u\000j\000o\000\040\000d\000e\000\040\000R\000o\000m\000b\000o}{section.4}% 50
\BOOKMARK [3][-]{subsubsection.4.4.1}{\376\377\000P\000a\000r\000\341\000m\000e\000t\000r\000o\000s}{subsection.4.4}% 51
\BOOKMARK [2][-]{subsection.4.5}{\376\377\000H\000e\000r\000r\000a\000m\000i\000e\000n\000t\000a\000\040\000d\000e\000\040\000R\000e\000l\000l\000e\000n\000o}{section.4}% 52
\BOOKMARK [2][-]{subsection.4.6}{\376\377\000C\000o\000n\000t\000r\000o\000l\000\040\000d\000e\000\040\000A\000n\000i\000m\000a\000c\000i\000o\000n\000e\000s}{section.4}% 53
\BOOKMARK [2][-]{subsection.4.7}{\376\377\000E\000s\000t\000a\000d\000o\000s\000\040\000d\000e\000l\000\040\000S\000i\000s\000t\000e\000m\000a}{section.4}% 54
\BOOKMARK [3][-]{subsubsection.4.7.1}{\376\377\000D\000u\000r\000a\000n\000t\000e\000\040\000l\000a\000\040\000A\000n\000i\000m\000a\000c\000i\000\363\000n}{subsection.4.7}% 55
\BOOKMARK [3][-]{subsubsection.4.7.2}{\376\377\000E\000s\000t\000a\000d\000o\000\040\000N\000o\000r\000m\000a\000l}{subsection.4.7}% 56
\BOOKMARK [2][-]{subsection.4.8}{\376\377\000M\000e\000n\000s\000a\000j\000e\000s\000\040\000d\000e\000\040\000E\000r\000r\000o\000r}{section.4}% 57
